<?xml version="1.0" encoding="UTF-8"?>
<!-- Generated by org.testng.reporters.JUnitReportReporter -->
<testsuite hostname="gourav" failures="0" tests="1" name="cucumberOptions.TestRunner" time="7.441" errors="0" timestamp="2023-03-25T09:15:50 IST" skipped="0">
  <testcase classname="cucumberOptions.TestRunner" name="runScenario" time="7.441"/>
  <system-out/>
</testsuite> <!-- cucumberOptions.TestRunner -->
